#-----------------------------------------------------------
# Vivado v2018.3 (64-bit)
# SW Build 2405991 on Thu Dec  6 23:38:27 MST 2018
# IP Build 2404404 on Fri Dec  7 01:43:56 MST 2018
# Start of session at: Mon Sep  6 23:24:13 2021
# Process ID: 16376
# Current directory: C:/Users/Magda/Desktop/Projekt_SDUP/SDUP_Project/AXI/signal_acc
# Command line: vivado.exe -gui_launcher_event rodinguilauncherevent19164 C:\Users\Magda\Desktop\Projekt_SDUP\SDUP_Project\AXI\signal_acc\signal_acc.xpr
# Log file: C:/Users/Magda/Desktop/Projekt_SDUP/SDUP_Project/AXI/signal_acc/vivado.log
# Journal file: C:/Users/Magda/Desktop/Projekt_SDUP/SDUP_Project/AXI/signal_acc\vivado.jou
#-----------------------------------------------------------
start_gui
open_project C:/Users/Magda/Desktop/Projekt_SDUP/SDUP_Project/AXI/signal_acc/signal_acc.xpr
Scanning sources...
Finished scanning sources
INFO: [IP_Flow 19-234] Refreshing IP repositories
INFO: [IP_Flow 19-1700] Loaded user IP repository 'c:/Users/Magda/Desktop/Projekt_SDUP/SDUP_Project/AXI/ip_repo/signal_ip_1.0'.
INFO: [IP_Flow 19-2313] Loaded Vivado IP repository 'C:/Xilinx/Vivado/2018.3/data/ip'.
open_project: Time (s): cpu = 00:00:33 ; elapsed = 00:00:19 . Memory (MB): peak = 725.375 ; gain = 131.719
update_compile_order -fileset sources_1
launch_sdk -workspace C:/Users/Magda/Desktop/Projekt_SDUP/SDUP_Project/AXI/signal_acc/signal_acc.sdk -hwspec C:/Users/Magda/Desktop/Projekt_SDUP/SDUP_Project/AXI/signal_acc/signal_acc.sdk/mb_design_wrapper.hdf
INFO: [Vivado 12-393] Launching SDK...
INFO: [Vivado 12-417] Running xsdk -workspace C:/Users/Magda/Desktop/Projekt_SDUP/SDUP_Project/AXI/signal_acc/signal_acc.sdk -hwspec C:/Users/Magda/Desktop/Projekt_SDUP/SDUP_Project/AXI/signal_acc/signal_acc.sdk/mb_design_wrapper.hdf
INFO: [Vivado 12-3157] SDK launch initiated. Please check console for any further messages.
exit
INFO: [Common 17-206] Exiting Vivado at Mon Sep  6 23:30:20 2021...
