22:03:05 INFO  : Registering command handlers for SDK TCF services
22:03:06 INFO  : Launching XSCT server: xsct.bat -interactive C:\Users\user\Desktop\Studia\SDUP\last_one\signal_acc\signal_acc.sdk\temp_xsdb_launch_script.tcl
22:03:09 INFO  : XSCT server has started successfully.
22:03:09 INFO  : Successfully done setting XSCT server connection channel  
22:03:13 INFO  : Successfully done setting SDK workspace  
22:03:13 INFO  : Processing command line option -hwspec C:/Users/user/Desktop/Studia/SDUP/last_one/signal_acc/signal_acc.sdk/mb_design_wrapper.hdf.
16:31:34 INFO  : SDK has detected change in the last modified timestamps for source hardware specification file Source:1631025052626,  Project:1630958529814
16:31:34 INFO  : Project mb_design_wrapper_hw_platform_0's source hardware specification located at C:/Users/user/Desktop/Studia/SDUP/last_one/signal_acc/signal_acc.sdk/mb_design_wrapper.hdf is now different from the local copy.
		 The local copy will be replaced with the source specification and your workspace will be updated.
16:32:04 INFO  : Project mb_design_wrapper_hw_platform_0's source hardware specification location will not be monitored anymore.
16:32:25 INFO  : Registering command handlers for SDK TCF services
16:32:26 INFO  : Launching XSCT server: xsct.bat -interactive C:\Users\user\Desktop\Studia\SDUP\last_one\signal_acc\signal_acc.sdk\temp_xsdb_launch_script.tcl
16:32:28 INFO  : XSCT server has started successfully.
16:32:28 INFO  : Successfully done setting XSCT server connection channel  
16:32:28 INFO  : Processing command line option -hwspec C:/Users/user/Desktop/Studia/SDUP/last_one/signal_acc/signal_acc.sdk/mb_design_wrapper.hdf.
16:32:28 INFO  : Successfully done setting SDK workspace  
16:38:01 INFO  : Registering command handlers for SDK TCF services
16:38:01 INFO  : Launching XSCT server: xsct.bat -interactive C:\Users\user\Desktop\Studia\SDUP\last_one\signal_acc\signal_acc.sdk\temp_xsdb_launch_script.tcl
16:38:03 INFO  : XSCT server has started successfully.
16:38:04 INFO  : Successfully done setting XSCT server connection channel  
16:38:04 INFO  : Processing command line option -hwspec C:/Users/user/Desktop/Studia/SDUP/last_one/signal_acc/signal_acc.sdk/mb_design_wrapper.hdf.
16:38:04 INFO  : Successfully done setting SDK workspace  
16:38:04 INFO  : Checking for hwspec changes in the project mb_design_wrapper_hw_platform_1.
16:38:05 INFO  : SDK has detected change in the last modified timestamps for source hardware specification file Source:1631025466756,  Project:1631025052626
16:38:05 INFO  : The hardware specification for project 'mb_design_wrapper_hw_platform_1' is different from C:/Users/user/Desktop/Studia/SDUP/last_one/signal_acc/signal_acc.sdk/mb_design_wrapper.hdf.
16:38:05 INFO  : Copied contents of C:/Users/user/Desktop/Studia/SDUP/last_one/signal_acc/signal_acc.sdk/mb_design_wrapper.hdf into \mb_design_wrapper_hw_platform_1\system.hdf.
16:38:05 INFO  : Synchronizing projects in the workspace with the hardware platform specification changes.
16:38:05 INFO  : Clearing existing target manager status.
16:38:06 INFO  : Workspace synchronized with the new hardware specification file. Cleaning dependent projects...
16:38:06 WARN  : Linker script will not be updated automatically. Users need to update it manually.
22:07:35 INFO  : SDK has detected change in the last modified timestamps for source hardware specification file Source:1631045255075,  Project:1631025466756
22:07:35 INFO  : Project mb_design_wrapper_hw_platform_1's source hardware specification located at C:/Users/user/Desktop/Studia/SDUP/last_one/signal_acc/signal_acc.sdk/mb_design_wrapper.hdf is now different from the local copy.
		 The local copy will be replaced with the source specification and your workspace will be updated.
22:07:45 INFO  : Project mb_design_wrapper_hw_platform_1's source hardware specification location will not be monitored anymore.
22:08:03 INFO  : Registering command handlers for SDK TCF services
22:08:03 INFO  : Launching XSCT server: xsct.bat -interactive C:\Users\user\Desktop\Studia\SDUP\last_one\signal_acc\signal_acc.sdk\temp_xsdb_launch_script.tcl
22:08:05 INFO  : XSCT server has started successfully.
22:08:05 INFO  : Successfully done setting XSCT server connection channel  
22:08:06 INFO  : Successfully done setting SDK workspace  
22:08:06 INFO  : Processing command line option -hwspec C:/Users/user/Desktop/Studia/SDUP/last_one/signal_acc/signal_acc.sdk/mb_design_wrapper.hdf.
