INFO: [VRFC 10-2263] Analyzing Verilog file "C:/Users/Magda/Desktop/Micro/signal_acc/signal_acc.ip_user_files/bd/mb_design/sim/mb_design.v" into library xil_defaultlib
INFO: [VRFC 10-311] analyzing module m00_couplers_imp_7XQVZK
INFO: [VRFC 10-311] analyzing module m01_couplers_imp_1KGGRVS
INFO: [VRFC 10-311] analyzing module m02_couplers_imp_SWOCXT
INFO: [VRFC 10-311] analyzing module m03_couplers_imp_1H7VOBD
INFO: [VRFC 10-311] analyzing module m04_couplers_imp_1W8QG7M
INFO: [VRFC 10-311] analyzing module m05_couplers_imp_9GBDFU
INFO: [VRFC 10-311] analyzing module mb_design
INFO: [VRFC 10-311] analyzing module mb_design_microblaze_0_axi_periph_0
INFO: [VRFC 10-311] analyzing module microblaze_0_local_memory_imp_UIMIJC
INFO: [VRFC 10-311] analyzing module s00_couplers_imp_10TEBL8
INFO: [VRFC 10-2263] Analyzing Verilog file "C:/Users/Magda/Desktop/Micro/signal_acc/signal_acc.ip_user_files/bd/mb_design/ip/mb_design_lmb_bram_0/sim/mb_design_lmb_bram_0.v" into library xil_defaultlib
INFO: [VRFC 10-311] analyzing module mb_design_lmb_bram_0
INFO: [VRFC 10-2263] Analyzing Verilog file "C:/Users/Magda/Desktop/Micro/signal_acc/signal_acc.ip_user_files/bd/mb_design/ip/mb_design_clk_wiz_1_0/mb_design_clk_wiz_1_0_clk_wiz.v" into library xil_defaultlib
INFO: [VRFC 10-311] analyzing module mb_design_clk_wiz_1_0_clk_wiz
INFO: [VRFC 10-2263] Analyzing Verilog file "C:/Users/Magda/Desktop/Micro/signal_acc/signal_acc.ip_user_files/bd/mb_design/ip/mb_design_clk_wiz_1_0/mb_design_clk_wiz_1_0.v" into library xil_defaultlib
INFO: [VRFC 10-311] analyzing module mb_design_clk_wiz_1_0
INFO: [VRFC 10-2263] Analyzing Verilog file "C:/Users/Magda/Desktop/Micro/signal_acc/signal_acc.ip_user_files/bd/mb_design/ip/mb_design_xbar_0/sim/mb_design_xbar_0.v" into library xil_defaultlib
INFO: [VRFC 10-311] analyzing module mb_design_xbar_0
INFO: [VRFC 10-2263] Analyzing Verilog file "C:/Users/Magda/Desktop/Micro/signal_acc/signal_acc.srcs/sources_1/bd/mb_design/hdl/mb_design_wrapper.v" into library xil_defaultlib
INFO: [VRFC 10-311] analyzing module mb_design_wrapper
INFO: [VRFC 10-2263] Analyzing Verilog file "C:/Users/Magda/Desktop/Micro/signal_acc/signal_acc.sim/sim_1/behav/xsim/glbl.v" into library xil_defaultlib
INFO: [VRFC 10-311] analyzing module glbl
