#-----------------------------------------------------------
# Vivado v2018.3 (64-bit)
# SW Build 2405991 on Thu Dec  6 23:38:27 MST 2018
# IP Build 2404404 on Fri Dec  7 01:43:56 MST 2018
# Start of session at: Thu Aug 26 22:41:27 2021
# Process ID: 14608
# Current directory: C:/Users/user/Desktop/Studia/SDUP/project_FFT/project_FFT
# Command line: vivado.exe -gui_launcher_event rodinguilauncherevent14868 C:\Users\user\Desktop\Studia\SDUP\project_FFT\project_FFT\project_FFT.xpr
# Log file: C:/Users/user/Desktop/Studia/SDUP/project_FFT/project_FFT/vivado.log
# Journal file: C:/Users/user/Desktop/Studia/SDUP/project_FFT/project_FFT\vivado.jou
#-----------------------------------------------------------
start_gui
open_project C:/Users/user/Desktop/Studia/SDUP/project_FFT/project_FFT/project_FFT.xpr
Scanning sources...
Finished scanning sources
INFO: [IP_Flow 19-234] Refreshing IP repositories
INFO: [IP_Flow 19-1704] No user IP repositories specified
INFO: [IP_Flow 19-2313] Loaded Vivado IP repository 'C:/Xilinx/Vivado/2018.3/data/ip'.
update_compile_order -fileset sources_1
exit
INFO: [Common 17-206] Exiting Vivado at Fri Aug 27 15:25:46 2021...
