#-----------------------------------------------------------
# Vivado v2018.3 (64-bit)
# SW Build 2405991 on Thu Dec  6 23:38:27 MST 2018
# IP Build 2404404 on Fri Dec  7 01:43:56 MST 2018
# Start of session at: Wed Sep  1 22:27:44 2021
# Process ID: 10476
# Current directory: C:/Users/user/Desktop/Studia/SDUP/project_FFT/project_FFT_correct
# Command line: vivado.exe -gui_launcher_event rodinguilauncherevent16944 C:\Users\user\Desktop\Studia\SDUP\project_FFT\project_FFT_correct\project_FFT.xpr
# Log file: C:/Users/user/Desktop/Studia/SDUP/project_FFT/project_FFT_correct/vivado.log
# Journal file: C:/Users/user/Desktop/Studia/SDUP/project_FFT/project_FFT_correct\vivado.jou
#-----------------------------------------------------------
start_gui
open_project C:/Users/user/Desktop/Studia/SDUP/project_FFT/project_FFT_correct/project_FFT.xpr
INFO: [Project 1-313] Project file moved from 'C:/Users/user/Desktop/Studia/SDUP/project_FFT/project_FFT' since last save.
Scanning sources...
Finished scanning sources
INFO: [IP_Flow 19-234] Refreshing IP repositories
INFO: [IP_Flow 19-1704] No user IP repositories specified
INFO: [IP_Flow 19-2313] Loaded Vivado IP repository 'C:/Xilinx/Vivado/2018.3/data/ip'.
open_project: Time (s): cpu = 00:00:13 ; elapsed = 00:00:06 . Memory (MB): peak = 677.387 ; gain = 66.301
update_compile_order -fileset sources_1
launch_simulation
INFO: [Vivado 12-5682] Launching behavioral simulation in 'C:/Users/user/Desktop/Studia/SDUP/project_FFT/project_FFT_correct/project_FFT.sim/sim_1/behav/xsim'
INFO: [SIM-utils-51] Simulation object is 'sim_1'
INFO: [SIM-utils-54] Inspecting design source files for 'signal_rtl_TB' in fileset 'sim_1'...
INFO: [USF-XSim-97] Finding global include files...
INFO: [USF-XSim-98] Fetching design files from 'sim_1'...
INFO: [USF-XSim-2] XSim::Compile design
INFO: [USF-XSim-61] Executing 'COMPILE and ANALYZE' step in 'C:/Users/user/Desktop/Studia/SDUP/project_FFT/project_FFT_correct/project_FFT.sim/sim_1/behav/xsim'
"xvlog --incr --relax -prj signal_rtl_TB_vlog.prj"
INFO: [VRFC 10-2263] Analyzing Verilog file "C:/Users/user/Desktop/Studia/SDUP/project_FFT/project_FFT_correct/project_FFT.srcs/sources_1/new/dual_port_rom.v" into library xil_defaultlib
INFO: [VRFC 10-311] analyzing module dual_port_rom
INFO: [VRFC 10-2263] Analyzing Verilog file "C:/Users/user/Desktop/Studia/SDUP/project_FFT/project_FFT_correct/project_FFT.srcs/sources_1/new/signal_rtl.v" into library xil_defaultlib
INFO: [VRFC 10-311] analyzing module signal_rtl
INFO: [VRFC 10-2263] Analyzing Verilog file "C:/Users/user/Desktop/Studia/SDUP/project_FFT/project_FFT_correct/project_FFT.srcs/sim_1/new/signal_rtl_TB.v" into library xil_defaultlib
INFO: [VRFC 10-311] analyzing module signal_rtl_TB
INFO: [VRFC 10-2263] Analyzing Verilog file "C:/Users/user/Desktop/Studia/SDUP/project_FFT/project_FFT_correct/project_FFT.sim/sim_1/behav/xsim/glbl.v" into library xil_defaultlib
INFO: [VRFC 10-311] analyzing module glbl
INFO: [USF-XSim-69] 'compile' step finished in '1' seconds
INFO: [USF-XSim-3] XSim::Elaborate design
INFO: [USF-XSim-61] Executing 'ELABORATE' step in 'C:/Users/user/Desktop/Studia/SDUP/project_FFT/project_FFT_correct/project_FFT.sim/sim_1/behav/xsim'
Vivado Simulator 2018.3
Copyright 1986-1999, 2001-2018 Xilinx, Inc. All Rights Reserved.
Running: C:/Xilinx/Vivado/2018.3/bin/unwrapped/win64.o/xelab.exe -wto 193242f74caa4730980bd124ebd2fe98 --incr --debug typical --relax --mt 2 -L xil_defaultlib -L unisims_ver -L unimacro_ver -L secureip --snapshot signal_rtl_TB_behav xil_defaultlib.signal_rtl_TB xil_defaultlib.glbl -log elaborate.log 
Using 2 slave threads.
Starting static elaboration
Completed static elaboration
Starting simulation data flow analysis
Completed simulation data flow analysis
Time Resolution for simulation is 1ps
Compiling module xil_defaultlib.dual_port_rom
Compiling module xil_defaultlib.signal_rtl
Compiling module xil_defaultlib.signal_rtl_TB
Compiling module xil_defaultlib.glbl
Built simulation snapshot signal_rtl_TB_behav
INFO: [USF-XSim-69] 'elaborate' step finished in '1' seconds
INFO: [USF-XSim-4] XSim::Simulate design
INFO: [USF-XSim-61] Executing 'SIMULATE' step in 'C:/Users/user/Desktop/Studia/SDUP/project_FFT/project_FFT_correct/project_FFT.sim/sim_1/behav/xsim'
INFO: [USF-XSim-98] *** Running xsim
   with args "signal_rtl_TB_behav -key {Behavioral:sim_1:Functional:signal_rtl_TB} -tclbatch {signal_rtl_TB.tcl} -log {simulate.log}"
INFO: [USF-XSim-8] Loading simulator feature
Vivado Simulator 2018.3
Time resolution is 1 ps
source signal_rtl_TB.tcl
# set curr_wave [current_wave_config]
# if { [string length $curr_wave] == 0 } {
#   if { [llength [get_objects]] > 0} {
#     add_wave /
#     set_property needs_save false [current_wave_config]
#   } else {
#      send_msg_id Add_Wave-1 WARNING "No top level signals found. Simulator will start without a wave window. If you want to open a wave window go to 'File->New Waveform Configuration' or type 'create_wave_config' in the TCL console."
#   }
# }
# run 1000ns
WARNING: Data truncated while reading Datafile: datarom.hex, while loading at index: 577
WARNING: Data truncated while reading Datafile: datarom.hex, while loading at index: 1154
WARNING: Data truncated while reading Datafile: datarom.hex, while loading at index: 2308
WARNING: Data truncated while reading Datafile: datarom.hex, while loading at index: 2885
WARNING: Data truncated while reading Datafile: datarom.hex, while loading at index: 3462
WARNING: Data truncated while reading Datafile: datarom.hex, while loading at index: 4039
WARNING: Data truncated while reading Datafile: datarom.hex, while loading at index: 4616
WARNING: Data truncated while reading Datafile: datarom.hex, while loading at index: 5193
WARNING: Data truncated while reading Datafile: datarom.hex, while loading at index: 5770
WARNING: Data truncated while reading Datafile: datarom.hex, while loading at index: 6347
WARNING: Data truncated while reading Datafile: datarom.hex, while loading at index: 6924
WARNING: Data truncated while reading Datafile: datarom.hex, while loading at index: 7501
Values: RE=0.000000, IM=0.000000
Values: RE=0.000000, IM=0.000000
Values: RE=0.000000, IM=0.000000
Values: RE=0.000000, IM=0.000000
Values: RE=0.000000, IM=0.000000
Values: RE=0.000000, IM=0.000000
Values: RE=15090668312.000000, IM=0.000000
Values: RE=15090668312.000000, IM=25951482260.000000
Values: RE=15090668312.000000, IM=25951482260.000000
Values: RE=15090668312.000000, IM=25951482260.000000
Values: RE=15090668312.000000, IM=25951482260.000000
Values: RE=15090668312.000000, IM=25951482260.000000
Values: RE=15090668312.000000, IM=25951482260.000000
Values: RE=15090668312.000000, IM=25951482260.000000
Values: RE=23525207300.000000, IM=25951482260.000000
Values: RE=23525207300.000000, IM=975024235342323.000000
Values: RE=23525207300.000000, IM=975024235342323.000000
Values: RE=23525207300.000000, IM=975024235342323.000000
Values: RE=23525207300.000000, IM=975024235342323.000000
Values: RE=23525207300.000000, IM=975024235342323.000000
Values: RE=23525207300.000000, IM=975024235342323.000000
Values: RE=23525207300.000000, IM=975024235342323.000000
Values: RE=0.000000, IM=975024235342323.000000
Values: RE=0.000000, IM=0.000000
Values: RE=0.000000, IM=0.000000
Values: RE=0.000000, IM=0.000000
Values: RE=0.000000, IM=0.000000
Values: RE=0.000000, IM=0.000000
Values: RE=0.000000, IM=0.000000
Values: RE=0.000000, IM=0.000000
Values: RE=14842710224.000000, IM=0.000000
Values: RE=14842710224.000000, IM=25951482260.000000
Values: RE=14842710224.000000, IM=25951482260.000000
Values: RE=14842710224.000000, IM=25951482260.000000
Values: RE=14842710224.000000, IM=25951482260.000000
Values: RE=14842710224.000000, IM=25951482260.000000
Values: RE=14842710224.000000, IM=25951482260.000000
Values: RE=14842710224.000000, IM=25951482260.000000
Values: RE=23525207300.000000, IM=25951482260.000000
Values: RE=23525207300.000000, IM=975024235342323.000000
Values: RE=23525207300.000000, IM=975024235342323.000000
Values: RE=23525207300.000000, IM=975024235342323.000000
Values: RE=23525207300.000000, IM=975024235342323.000000
Values: RE=23525207300.000000, IM=975024235342323.000000
Values: RE=23525207300.000000, IM=975024235342323.000000
Values: RE=23525207300.000000, IM=975024235342323.000000
Values: RE=0.000000, IM=975024235342323.000000
Values: RE=0.000000, IM=0.000000
Values: RE=0.000000, IM=0.000000
Values: RE=0.000000, IM=0.000000
Values: RE=0.000000, IM=0.000000
Values: RE=0.000000, IM=0.000000
Values: RE=0.000000, IM=0.000000
Values: RE=0.000000, IM=0.000000
Values: RE=14842710224.000000, IM=0.000000
Values: RE=14842710224.000000, IM=25951482260.000000
Values: RE=14842710224.000000, IM=25951482260.000000
Values: RE=14842710224.000000, IM=25951482260.000000
Values: RE=14842710224.000000, IM=25951482260.000000
Values: RE=14842710224.000000, IM=25951482260.000000
Values: RE=14842710224.000000, IM=25951482260.000000
Values: RE=14842710224.000000, IM=25951482260.000000
Values: RE=23525207300.000000, IM=25951482260.000000
Values: RE=23525207300.000000, IM=975024235342323.000000
Values: RE=23525207300.000000, IM=975024235342323.000000
Values: RE=23525207300.000000, IM=975024235342323.000000
Values: RE=23525207300.000000, IM=975024235342323.000000
Values: RE=23525207300.000000, IM=975024235342323.000000
Values: RE=23525207300.000000, IM=975024235342323.000000
Values: RE=23525207300.000000, IM=975024235342323.000000
Values: RE=0.000000, IM=975024235342323.000000
Values: RE=0.000000, IM=0.000000
Values: RE=0.000000, IM=0.000000
Values: RE=0.000000, IM=0.000000
Values: RE=0.000000, IM=0.000000
Values: RE=0.000000, IM=0.000000
Values: RE=0.000000, IM=0.000000
Values: RE=0.000000, IM=0.000000
Values: RE=14842710224.000000, IM=0.000000
Values: RE=14842710224.000000, IM=25951482260.000000
Values: RE=14842710224.000000, IM=25951482260.000000
Values: RE=14842710224.000000, IM=25951482260.000000
Values: RE=14842710224.000000, IM=25951482260.000000
Values: RE=14842710224.000000, IM=25951482260.000000
Values: RE=14842710224.000000, IM=25951482260.000000
Values: RE=14842710224.000000, IM=25951482260.000000
Values: RE=23525207300.000000, IM=25951482260.000000
Values: RE=23525207300.000000, IM=975024235342323.000000
Values: RE=23525207300.000000, IM=975024235342323.000000
Values: RE=23525207300.000000, IM=975024235342323.000000
Values: RE=23525207300.000000, IM=975024235342323.000000
Values: RE=23525207300.000000, IM=975024235342323.000000
Values: RE=23525207300.000000, IM=975024235342323.000000
Values: RE=23525207300.000000, IM=975024235342323.000000
Values: RE=0.000000, IM=975024235342323.000000
Values: RE=0.000000, IM=0.000000
Values: RE=0.000000, IM=0.000000
Values: RE=0.000000, IM=0.000000
Values: RE=0.000000, IM=0.000000
Values: RE=0.000000, IM=0.000000
INFO: [USF-XSim-96] XSim completed. Design snapshot 'signal_rtl_TB_behav' loaded.
INFO: [USF-XSim-97] XSim simulation ran for 1000ns
launch_simulation: Time (s): cpu = 00:00:10 ; elapsed = 00:00:06 . Memory (MB): peak = 739.711 ; gain = 24.566
close_sim
INFO: [Simtcl 6-16] Simulation closed
launch_simulation
INFO: [Vivado 12-5682] Launching behavioral simulation in 'C:/Users/user/Desktop/Studia/SDUP/project_FFT/project_FFT_correct/project_FFT.sim/sim_1/behav/xsim'
INFO: [SIM-utils-51] Simulation object is 'sim_1'
INFO: [SIM-utils-54] Inspecting design source files for 'signal_rtl_TB' in fileset 'sim_1'...
INFO: [USF-XSim-97] Finding global include files...
INFO: [USF-XSim-98] Fetching design files from 'sim_1'...
INFO: [USF-XSim-2] XSim::Compile design
INFO: [USF-XSim-61] Executing 'COMPILE and ANALYZE' step in 'C:/Users/user/Desktop/Studia/SDUP/project_FFT/project_FFT_correct/project_FFT.sim/sim_1/behav/xsim'
"xvlog --incr --relax -prj signal_rtl_TB_vlog.prj"
INFO: [VRFC 10-2263] Analyzing Verilog file "C:/Users/user/Desktop/Studia/SDUP/project_FFT/project_FFT_correct/project_FFT.srcs/sources_1/new/dual_port_rom.v" into library xil_defaultlib
INFO: [VRFC 10-311] analyzing module dual_port_rom
INFO: [VRFC 10-2263] Analyzing Verilog file "C:/Users/user/Desktop/Studia/SDUP/project_FFT/project_FFT_correct/project_FFT.srcs/sources_1/new/signal_rtl.v" into library xil_defaultlib
INFO: [VRFC 10-311] analyzing module signal_rtl
INFO: [VRFC 10-2263] Analyzing Verilog file "C:/Users/user/Desktop/Studia/SDUP/project_FFT/project_FFT_correct/project_FFT.srcs/sim_1/new/signal_rtl_TB.v" into library xil_defaultlib
INFO: [VRFC 10-311] analyzing module signal_rtl_TB
INFO: [USF-XSim-69] 'compile' step finished in '1' seconds
INFO: [USF-XSim-3] XSim::Elaborate design
INFO: [USF-XSim-61] Executing 'ELABORATE' step in 'C:/Users/user/Desktop/Studia/SDUP/project_FFT/project_FFT_correct/project_FFT.sim/sim_1/behav/xsim'
Vivado Simulator 2018.3
Copyright 1986-1999, 2001-2018 Xilinx, Inc. All Rights Reserved.
Running: C:/Xilinx/Vivado/2018.3/bin/unwrapped/win64.o/xelab.exe -wto 193242f74caa4730980bd124ebd2fe98 --incr --debug typical --relax --mt 2 -L xil_defaultlib -L unisims_ver -L unimacro_ver -L secureip --snapshot signal_rtl_TB_behav xil_defaultlib.signal_rtl_TB xil_defaultlib.glbl -log elaborate.log 
Using 2 slave threads.
Starting static elaboration
Completed static elaboration
Starting simulation data flow analysis
Completed simulation data flow analysis
Time Resolution for simulation is 1ps
Compiling module xil_defaultlib.dual_port_rom
Compiling module xil_defaultlib.signal_rtl
Compiling module xil_defaultlib.signal_rtl_TB
Compiling module xil_defaultlib.glbl
Built simulation snapshot signal_rtl_TB_behav
INFO: [USF-XSim-69] 'elaborate' step finished in '1' seconds
INFO: [USF-XSim-4] XSim::Simulate design
INFO: [USF-XSim-61] Executing 'SIMULATE' step in 'C:/Users/user/Desktop/Studia/SDUP/project_FFT/project_FFT_correct/project_FFT.sim/sim_1/behav/xsim'
INFO: [USF-XSim-98] *** Running xsim
   with args "signal_rtl_TB_behav -key {Behavioral:sim_1:Functional:signal_rtl_TB} -tclbatch {signal_rtl_TB.tcl} -log {simulate.log}"
INFO: [USF-XSim-8] Loading simulator feature
Vivado Simulator 2018.3
Time resolution is 1 ps
source signal_rtl_TB.tcl
# set curr_wave [current_wave_config]
# if { [string length $curr_wave] == 0 } {
#   if { [llength [get_objects]] > 0} {
#     add_wave /
#     set_property needs_save false [current_wave_config]
#   } else {
#      send_msg_id Add_Wave-1 WARNING "No top level signals found. Simulator will start without a wave window. If you want to open a wave window go to 'File->New Waveform Configuration' or type 'create_wave_config' in the TCL console."
#   }
# }
# run 1000ns
WARNING: Data truncated while reading Datafile: datarom.hex, while loading at index: 577
WARNING: Data truncated while reading Datafile: datarom.hex, while loading at index: 1154
WARNING: Data truncated while reading Datafile: datarom.hex, while loading at index: 2308
WARNING: Data truncated while reading Datafile: datarom.hex, while loading at index: 2885
WARNING: Data truncated while reading Datafile: datarom.hex, while loading at index: 3462
WARNING: Data truncated while reading Datafile: datarom.hex, while loading at index: 4039
WARNING: Data truncated while reading Datafile: datarom.hex, while loading at index: 4616
WARNING: Data truncated while reading Datafile: datarom.hex, while loading at index: 5193
WARNING: Data truncated while reading Datafile: datarom.hex, while loading at index: 5770
WARNING: Data truncated while reading Datafile: datarom.hex, while loading at index: 6347
WARNING: Data truncated while reading Datafile: datarom.hex, while loading at index: 6924
WARNING: Data truncated while reading Datafile: datarom.hex, while loading at index: 7501
Values: RE=0.000000, IM=0.000000
Values: RE=0.000000, IM=0.000000
Values: RE=0.000000, IM=0.000000
Values: RE=0.000000, IM=0.000000
Values: RE=0.000000, IM=0.000000
Values: RE=0.000000, IM=0.000000
Values: RE=15090668312.000000, IM=0.000000
Values: RE=15090668312.000000, IM=25951482260.000000
Values: RE=15090668312.000000, IM=25951482260.000000
Values: RE=15090668312.000000, IM=25951482260.000000
Values: RE=15090668312.000000, IM=25951482260.000000
Values: RE=15090668312.000000, IM=25951482260.000000
Values: RE=15090668312.000000, IM=25951482260.000000
Values: RE=15090668312.000000, IM=25951482260.000000
Values: RE=23525207300.000000, IM=25951482260.000000
Values: RE=23525207300.000000, IM=975024235342323.000000
Values: RE=23525207300.000000, IM=975024235342323.000000
Values: RE=23525207300.000000, IM=975024235342323.000000
Values: RE=23525207300.000000, IM=975024235342323.000000
Values: RE=23525207300.000000, IM=975024235342323.000000
Values: RE=23525207300.000000, IM=975024235342323.000000
Values: RE=23525207300.000000, IM=975024235342323.000000
Values: RE=0.000000, IM=975024235342323.000000
Values: RE=0.000000, IM=0.000000
Values: RE=0.000000, IM=0.000000
Values: RE=0.000000, IM=0.000000
Values: RE=0.000000, IM=0.000000
Values: RE=0.000000, IM=0.000000
Values: RE=0.000000, IM=0.000000
Values: RE=0.000000, IM=0.000000
Values: RE=14842710224.000000, IM=0.000000
Values: RE=14842710224.000000, IM=25951482260.000000
Values: RE=14842710224.000000, IM=25951482260.000000
Values: RE=14842710224.000000, IM=25951482260.000000
Values: RE=14842710224.000000, IM=25951482260.000000
Values: RE=14842710224.000000, IM=25951482260.000000
Values: RE=14842710224.000000, IM=25951482260.000000
Values: RE=14842710224.000000, IM=25951482260.000000
Values: RE=23525207300.000000, IM=25951482260.000000
Values: RE=23525207300.000000, IM=975024235342323.000000
Values: RE=23525207300.000000, IM=975024235342323.000000
Values: RE=23525207300.000000, IM=975024235342323.000000
Values: RE=23525207300.000000, IM=975024235342323.000000
Values: RE=23525207300.000000, IM=975024235342323.000000
Values: RE=23525207300.000000, IM=975024235342323.000000
Values: RE=23525207300.000000, IM=975024235342323.000000
Values: RE=0.000000, IM=975024235342323.000000
Values: RE=0.000000, IM=0.000000
Values: RE=0.000000, IM=0.000000
Values: RE=0.000000, IM=0.000000
Values: RE=0.000000, IM=0.000000
Values: RE=0.000000, IM=0.000000
Values: RE=0.000000, IM=0.000000
Values: RE=0.000000, IM=0.000000
Values: RE=14842710224.000000, IM=0.000000
Values: RE=14842710224.000000, IM=25951482260.000000
Values: RE=14842710224.000000, IM=25951482260.000000
Values: RE=14842710224.000000, IM=25951482260.000000
Values: RE=14842710224.000000, IM=25951482260.000000
Values: RE=14842710224.000000, IM=25951482260.000000
Values: RE=14842710224.000000, IM=25951482260.000000
Values: RE=14842710224.000000, IM=25951482260.000000
Values: RE=23525207300.000000, IM=25951482260.000000
Values: RE=23525207300.000000, IM=975024235342323.000000
Values: RE=23525207300.000000, IM=975024235342323.000000
Values: RE=23525207300.000000, IM=975024235342323.000000
Values: RE=23525207300.000000, IM=975024235342323.000000
Values: RE=23525207300.000000, IM=975024235342323.000000
Values: RE=23525207300.000000, IM=975024235342323.000000
Values: RE=23525207300.000000, IM=975024235342323.000000
Values: RE=0.000000, IM=975024235342323.000000
Values: RE=0.000000, IM=0.000000
Values: RE=0.000000, IM=0.000000
Values: RE=0.000000, IM=0.000000
Values: RE=0.000000, IM=0.000000
Values: RE=0.000000, IM=0.000000
Values: RE=0.000000, IM=0.000000
Values: RE=0.000000, IM=0.000000
Values: RE=14842710224.000000, IM=0.000000
Values: RE=14842710224.000000, IM=25951482260.000000
Values: RE=14842710224.000000, IM=25951482260.000000
Values: RE=14842710224.000000, IM=25951482260.000000
Values: RE=14842710224.000000, IM=25951482260.000000
Values: RE=14842710224.000000, IM=25951482260.000000
Values: RE=14842710224.000000, IM=25951482260.000000
Values: RE=14842710224.000000, IM=25951482260.000000
Values: RE=23525207300.000000, IM=25951482260.000000
Values: RE=23525207300.000000, IM=975024235342323.000000
Values: RE=23525207300.000000, IM=975024235342323.000000
Values: RE=23525207300.000000, IM=975024235342323.000000
Values: RE=23525207300.000000, IM=975024235342323.000000
Values: RE=23525207300.000000, IM=975024235342323.000000
Values: RE=23525207300.000000, IM=975024235342323.000000
Values: RE=23525207300.000000, IM=975024235342323.000000
Values: RE=0.000000, IM=975024235342323.000000
Values: RE=0.000000, IM=0.000000
Values: RE=0.000000, IM=0.000000
Values: RE=0.000000, IM=0.000000
Values: RE=0.000000, IM=0.000000
Values: RE=0.000000, IM=0.000000
INFO: [USF-XSim-96] XSim completed. Design snapshot 'signal_rtl_TB_behav' loaded.
INFO: [USF-XSim-97] XSim simulation ran for 1000ns
close_sim
INFO: [Simtcl 6-16] Simulation closed
launch_simulation
INFO: [Vivado 12-5682] Launching behavioral simulation in 'C:/Users/user/Desktop/Studia/SDUP/project_FFT/project_FFT_correct/project_FFT.sim/sim_1/behav/xsim'
INFO: [SIM-utils-51] Simulation object is 'sim_1'
INFO: [SIM-utils-54] Inspecting design source files for 'signal_rtl_TB' in fileset 'sim_1'...
INFO: [USF-XSim-97] Finding global include files...
INFO: [USF-XSim-98] Fetching design files from 'sim_1'...
INFO: [USF-XSim-2] XSim::Compile design
INFO: [USF-XSim-61] Executing 'COMPILE and ANALYZE' step in 'C:/Users/user/Desktop/Studia/SDUP/project_FFT/project_FFT_correct/project_FFT.sim/sim_1/behav/xsim'
"xvlog --incr --relax -prj signal_rtl_TB_vlog.prj"
INFO: [VRFC 10-2263] Analyzing Verilog file "C:/Users/user/Desktop/Studia/SDUP/project_FFT/project_FFT_correct/project_FFT.srcs/sources_1/new/dual_port_rom.v" into library xil_defaultlib
INFO: [VRFC 10-311] analyzing module dual_port_rom
INFO: [VRFC 10-2263] Analyzing Verilog file "C:/Users/user/Desktop/Studia/SDUP/project_FFT/project_FFT_correct/project_FFT.srcs/sources_1/new/signal_rtl.v" into library xil_defaultlib
INFO: [VRFC 10-311] analyzing module signal_rtl
INFO: [VRFC 10-2263] Analyzing Verilog file "C:/Users/user/Desktop/Studia/SDUP/project_FFT/project_FFT_correct/project_FFT.srcs/sim_1/new/signal_rtl_TB.v" into library xil_defaultlib
INFO: [VRFC 10-311] analyzing module signal_rtl_TB
INFO: [USF-XSim-69] 'compile' step finished in '1' seconds
INFO: [USF-XSim-3] XSim::Elaborate design
INFO: [USF-XSim-61] Executing 'ELABORATE' step in 'C:/Users/user/Desktop/Studia/SDUP/project_FFT/project_FFT_correct/project_FFT.sim/sim_1/behav/xsim'
Vivado Simulator 2018.3
Copyright 1986-1999, 2001-2018 Xilinx, Inc. All Rights Reserved.
Running: C:/Xilinx/Vivado/2018.3/bin/unwrapped/win64.o/xelab.exe -wto 193242f74caa4730980bd124ebd2fe98 --incr --debug typical --relax --mt 2 -L xil_defaultlib -L unisims_ver -L unimacro_ver -L secureip --snapshot signal_rtl_TB_behav xil_defaultlib.signal_rtl_TB xil_defaultlib.glbl -log elaborate.log 
Using 2 slave threads.
Starting static elaboration
Completed static elaboration
Starting simulation data flow analysis
Completed simulation data flow analysis
Time Resolution for simulation is 1ps
Compiling module xil_defaultlib.dual_port_rom
Compiling module xil_defaultlib.signal_rtl
Compiling module xil_defaultlib.signal_rtl_TB
Compiling module xil_defaultlib.glbl
Built simulation snapshot signal_rtl_TB_behav
INFO: [USF-XSim-69] 'elaborate' step finished in '1' seconds
INFO: [USF-XSim-4] XSim::Simulate design
INFO: [USF-XSim-61] Executing 'SIMULATE' step in 'C:/Users/user/Desktop/Studia/SDUP/project_FFT/project_FFT_correct/project_FFT.sim/sim_1/behav/xsim'
INFO: [USF-XSim-98] *** Running xsim
   with args "signal_rtl_TB_behav -key {Behavioral:sim_1:Functional:signal_rtl_TB} -tclbatch {signal_rtl_TB.tcl} -log {simulate.log}"
INFO: [USF-XSim-8] Loading simulator feature
Vivado Simulator 2018.3
Time resolution is 1 ps
source signal_rtl_TB.tcl
# set curr_wave [current_wave_config]
# if { [string length $curr_wave] == 0 } {
#   if { [llength [get_objects]] > 0} {
#     add_wave /
#     set_property needs_save false [current_wave_config]
#   } else {
#      send_msg_id Add_Wave-1 WARNING "No top level signals found. Simulator will start without a wave window. If you want to open a wave window go to 'File->New Waveform Configuration' or type 'create_wave_config' in the TCL console."
#   }
# }
# run 1000ns
WARNING: Data truncated while reading Datafile: datarom.hex, while loading at index: 577
WARNING: Data truncated while reading Datafile: datarom.hex, while loading at index: 1154
WARNING: Data truncated while reading Datafile: datarom.hex, while loading at index: 2308
WARNING: Data truncated while reading Datafile: datarom.hex, while loading at index: 2885
WARNING: Data truncated while reading Datafile: datarom.hex, while loading at index: 3462
WARNING: Data truncated while reading Datafile: datarom.hex, while loading at index: 4039
WARNING: Data truncated while reading Datafile: datarom.hex, while loading at index: 4616
WARNING: Data truncated while reading Datafile: datarom.hex, while loading at index: 5193
WARNING: Data truncated while reading Datafile: datarom.hex, while loading at index: 5770
WARNING: Data truncated while reading Datafile: datarom.hex, while loading at index: 6347
WARNING: Data truncated while reading Datafile: datarom.hex, while loading at index: 6924
WARNING: Data truncated while reading Datafile: datarom.hex, while loading at index: 7501
Values: RE=0.000000, IM=0.000000
Values: RE=0.000000, IM=0.000000
Values: RE=0.000000, IM=0.000000
Values: RE=0.000000, IM=0.000000
Values: RE=0.000000, IM=0.000000
Values: RE=0.000000, IM=0.000000
Values: RE=11443757204.000000, IM=0.000000
Values: RE=11443757204.000000, IM=975010007253398.000000
Values: RE=11443757204.000000, IM=975010007253398.000000
Values: RE=11443757204.000000, IM=975010007253398.000000
Values: RE=11443757204.000000, IM=975010007253398.000000
Values: RE=11443757204.000000, IM=975010007253398.000000
Values: RE=11443757204.000000, IM=975010007253398.000000
Values: RE=11443757204.000000, IM=975010007253398.000000
Values: RE=1125880477350549.000000, IM=975010007253398.000000
Values: RE=1125880477350549.000000, IM=975019517286566.000000
Values: RE=1125880477350549.000000, IM=975019517286566.000000
Values: RE=1125880477350549.000000, IM=975019517286566.000000
Values: RE=1125880477350549.000000, IM=975019517286566.000000
Values: RE=1125880477350549.000000, IM=975019517286566.000000
Values: RE=1125880477350549.000000, IM=975019517286566.000000
Values: RE=1125880477350549.000000, IM=975019517286566.000000
Values: RE=0.000000, IM=975019517286566.000000
Values: RE=0.000000, IM=0.000000
Values: RE=0.000000, IM=0.000000
Values: RE=0.000000, IM=0.000000
Values: RE=0.000000, IM=0.000000
Values: RE=0.000000, IM=0.000000
Values: RE=0.000000, IM=0.000000
Values: RE=0.000000, IM=0.000000
Values: RE=11362821157.000000, IM=0.000000
Values: RE=11362821157.000000, IM=975010007253398.000000
Values: RE=11362821157.000000, IM=975010007253398.000000
Values: RE=11362821157.000000, IM=975010007253398.000000
Values: RE=11362821157.000000, IM=975010007253398.000000
Values: RE=11362821157.000000, IM=975010007253398.000000
Values: RE=11362821157.000000, IM=975010007253398.000000
Values: RE=11362821157.000000, IM=975010007253398.000000
Values: RE=1125880477350549.000000, IM=975010007253398.000000
Values: RE=1125880477350549.000000, IM=975019517286566.000000
Values: RE=1125880477350549.000000, IM=975019517286566.000000
Values: RE=1125880477350549.000000, IM=975019517286566.000000
Values: RE=1125880477350549.000000, IM=975019517286566.000000
Values: RE=1125880477350549.000000, IM=975019517286566.000000
Values: RE=1125880477350549.000000, IM=975019517286566.000000
Values: RE=1125880477350549.000000, IM=975019517286566.000000
Values: RE=0.000000, IM=975019517286566.000000
Values: RE=0.000000, IM=0.000000
Values: RE=0.000000, IM=0.000000
Values: RE=0.000000, IM=0.000000
Values: RE=0.000000, IM=0.000000
Values: RE=0.000000, IM=0.000000
Values: RE=0.000000, IM=0.000000
Values: RE=0.000000, IM=0.000000
Values: RE=11362821157.000000, IM=0.000000
Values: RE=11362821157.000000, IM=975010007253398.000000
Values: RE=11362821157.000000, IM=975010007253398.000000
Values: RE=11362821157.000000, IM=975010007253398.000000
Values: RE=11362821157.000000, IM=975010007253398.000000
Values: RE=11362821157.000000, IM=975010007253398.000000
Values: RE=11362821157.000000, IM=975010007253398.000000
Values: RE=11362821157.000000, IM=975010007253398.000000
Values: RE=1125880477350549.000000, IM=975010007253398.000000
Values: RE=1125880477350549.000000, IM=975019517286566.000000
Values: RE=1125880477350549.000000, IM=975019517286566.000000
Values: RE=1125880477350549.000000, IM=975019517286566.000000
Values: RE=1125880477350549.000000, IM=975019517286566.000000
Values: RE=1125880477350549.000000, IM=975019517286566.000000
Values: RE=1125880477350549.000000, IM=975019517286566.000000
Values: RE=1125880477350549.000000, IM=975019517286566.000000
Values: RE=0.000000, IM=975019517286566.000000
Values: RE=0.000000, IM=0.000000
Values: RE=0.000000, IM=0.000000
Values: RE=0.000000, IM=0.000000
Values: RE=0.000000, IM=0.000000
Values: RE=0.000000, IM=0.000000
Values: RE=0.000000, IM=0.000000
Values: RE=0.000000, IM=0.000000
Values: RE=11362821157.000000, IM=0.000000
Values: RE=11362821157.000000, IM=975010007253398.000000
Values: RE=11362821157.000000, IM=975010007253398.000000
Values: RE=11362821157.000000, IM=975010007253398.000000
Values: RE=11362821157.000000, IM=975010007253398.000000
Values: RE=11362821157.000000, IM=975010007253398.000000
Values: RE=11362821157.000000, IM=975010007253398.000000
Values: RE=11362821157.000000, IM=975010007253398.000000
Values: RE=1125880477350549.000000, IM=975010007253398.000000
Values: RE=1125880477350549.000000, IM=975019517286566.000000
Values: RE=1125880477350549.000000, IM=975019517286566.000000
Values: RE=1125880477350549.000000, IM=975019517286566.000000
Values: RE=1125880477350549.000000, IM=975019517286566.000000
Values: RE=1125880477350549.000000, IM=975019517286566.000000
Values: RE=1125880477350549.000000, IM=975019517286566.000000
Values: RE=1125880477350549.000000, IM=975019517286566.000000
Values: RE=0.000000, IM=975019517286566.000000
Values: RE=0.000000, IM=0.000000
Values: RE=0.000000, IM=0.000000
Values: RE=0.000000, IM=0.000000
Values: RE=0.000000, IM=0.000000
Values: RE=0.000000, IM=0.000000
INFO: [USF-XSim-96] XSim completed. Design snapshot 'signal_rtl_TB_behav' loaded.
INFO: [USF-XSim-97] XSim simulation ran for 1000ns
launch_simulation: Time (s): cpu = 00:00:03 ; elapsed = 00:00:05 . Memory (MB): peak = 755.289 ; gain = 0.711
close_sim
INFO: [Simtcl 6-16] Simulation closed
exit
INFO: [Common 17-206] Exiting Vivado at Wed Sep  1 22:41:12 2021...
